L 07/30/2017 - 18:29:04: SourceMod error session started
L 07/30/2017 - 18:29:04: Info (map "de_dust2") (file "errors_20170730.log")
L 07/30/2017 - 18:29:04: [ttt\ttt_sql.smx] (SQL_Start) Error: Configuration "ttt" not found
L 07/30/2017 - 18:29:04: [ttt\ttt_sql.smx] (SQL_Start) Database failure: Couldn't connect to "ttt"!
L 07/30/2017 - 18:32:53: SourceMod error session started
L 07/30/2017 - 18:32:53: Info (map "de_dust2") (file "errors_20170730.log")
L 07/30/2017 - 18:32:53: [ttt\ttt_sql.smx] (SQL_Start) Error: Configuration "ttt" not found
L 07/30/2017 - 18:32:53: [ttt\ttt_sql.smx] (SQL_Start) Database failure: Couldn't connect to "ttt"!
L 07/30/2017 - 18:33:49: SourceMod error session started
L 07/30/2017 - 18:33:49: Info (map "de_dust2") (file "errors_20170730.log")
L 07/30/2017 - 18:33:49: [ttt\ttt_sql.smx] (SQL_Start) Error: Configuration "ttt" not found
L 07/30/2017 - 18:33:49: [ttt\ttt_sql.smx] (SQL_Start) Database failure: Couldn't connect to "ttt"!
L 07/30/2017 - 18:35:38: Error log file session closed.
L 07/30/2017 - 18:35:44: SourceMod error session started
L 07/30/2017 - 18:35:44: Info (map "de_dust2") (file "errors_20170730.log")
L 07/30/2017 - 18:35:44: [ttt\ttt_sql.smx] (SQL_Start) Error: Configuration "ttt" not found
L 07/30/2017 - 18:35:44: [ttt\ttt_sql.smx] (SQL_Start) Database failure: Couldn't connect to "ttt"!
L 07/30/2017 - 18:35:49: [ttt\ttt_sql.smx] (SQL_Start) Error: Configuration "ttt" not found
L 07/30/2017 - 18:35:49: [ttt\ttt_sql.smx] (SQL_Start) Database failure: Couldn't connect to "ttt"!
L 07/30/2017 - 18:40:27: SourceMod error session started
L 07/30/2017 - 18:40:27: Info (map "de_dust2") (file "errors_20170730.log")
L 07/30/2017 - 18:40:27: [ttt\ttt_sql.smx] (SQL_Start) Error: Configuration "ttt" not found
L 07/30/2017 - 18:40:27: [ttt\ttt_sql.smx] (SQL_Start) Database failure: Couldn't connect to "ttt"!
L 07/30/2017 - 18:40:31: Error log file session closed.
L 07/30/2017 - 18:40:36: SourceMod error session started
L 07/30/2017 - 18:40:36: Info (map "de_dust2") (file "errors_20170730.log")
L 07/30/2017 - 18:40:36: [ttt\ttt_sql.smx] (SQL_Start) Error: Configuration "ttt" not found
L 07/30/2017 - 18:40:36: [ttt\ttt_sql.smx] (SQL_Start) Database failure: Couldn't connect to "ttt"!
L 07/30/2017 - 18:40:41: [ttt\ttt_sql.smx] (SQL_Start) Error: Configuration "ttt" not found
L 07/30/2017 - 18:40:41: [ttt\ttt_sql.smx] (SQL_Start) Database failure: Couldn't connect to "ttt"!
L 07/30/2017 - 18:45:53: SourceMod error session started
L 07/30/2017 - 18:45:53: Info (map "de_dust2") (file "errors_20170730.log")
L 07/30/2017 - 18:45:53: [ttt\ttt_sql.smx] (SQL_Start) Error: Configuration "ttt" not found
L 07/30/2017 - 18:45:53: [ttt\ttt_sql.smx] (SQL_Start) Database failure: Couldn't connect to "ttt"!
L 07/30/2017 - 18:45:59: Error log file session closed.
L 07/30/2017 - 18:46:05: SourceMod error session started
L 07/30/2017 - 18:46:05: Info (map "de_dust2") (file "errors_20170730.log")
L 07/30/2017 - 18:46:05: [ttt\ttt_sql.smx] (SQL_Start) Error: Configuration "ttt" not found
L 07/30/2017 - 18:46:05: [ttt\ttt_sql.smx] (SQL_Start) Database failure: Couldn't connect to "ttt"!
L 07/30/2017 - 18:46:10: [ttt\ttt_sql.smx] (SQL_Start) Error: Configuration "ttt" not found
L 07/30/2017 - 18:46:10: [ttt\ttt_sql.smx] (SQL_Start) Database failure: Couldn't connect to "ttt"!
L 07/30/2017 - 19:40:41: SourceMod error session started
L 07/30/2017 - 19:40:41: Info (map "de_dust2") (file "errors_20170730.log")
L 07/30/2017 - 19:40:41: [ttt\ttt_sql.smx] (SQL_Start) Error: Configuration "ttt" not found
L 07/30/2017 - 19:40:41: [ttt\ttt_sql.smx] (SQL_Start) Database failure: Couldn't connect to "ttt"!
L 07/30/2017 - 19:40:49: Error log file session closed.
L 07/30/2017 - 19:40:54: SourceMod error session started
L 07/30/2017 - 19:40:54: Info (map "de_dust2") (file "errors_20170730.log")
L 07/30/2017 - 19:40:54: [ttt\ttt_sql.smx] (SQL_Start) Error: Configuration "ttt" not found
L 07/30/2017 - 19:40:54: [ttt\ttt_sql.smx] (SQL_Start) Database failure: Couldn't connect to "ttt"!
L 07/30/2017 - 19:40:59: [ttt\ttt_sql.smx] (SQL_Start) Error: Configuration "ttt" not found
L 07/30/2017 - 19:40:59: [ttt\ttt_sql.smx] (SQL_Start) Database failure: Couldn't connect to "ttt"!
L 07/30/2017 - 19:48:02: SourceMod error session started
L 07/30/2017 - 19:48:02: Info (map "de_dust2") (file "errors_20170730.log")
L 07/30/2017 - 19:48:02: [ttt\ttt_sql.smx] (SQL_Start) Error: Configuration "ttt" not found
L 07/30/2017 - 19:48:02: [ttt\ttt_sql.smx] (SQL_Start) Database failure: Couldn't connect to "ttt"!
L 07/30/2017 - 20:06:03: Error log file session closed.
L 07/30/2017 - 20:06:10: SourceMod error session started
L 07/30/2017 - 20:06:10: Info (map "de_dust2") (file "errors_20170730.log")
L 07/30/2017 - 20:06:10: [ttt\ttt_sql.smx] (SQL_Start) Error: Configuration "ttt" not found
L 07/30/2017 - 20:06:10: [ttt\ttt_sql.smx] (SQL_Start) Database failure: Couldn't connect to "ttt"!
L 07/30/2017 - 20:06:15: [ttt\ttt_sql.smx] (SQL_Start) Error: Configuration "ttt" not found
L 07/30/2017 - 20:06:15: [ttt\ttt_sql.smx] (SQL_Start) Database failure: Couldn't connect to "ttt"!
L 07/30/2017 - 20:08:31: SourceMod error session started
L 07/30/2017 - 20:08:31: Info (map "de_dust2") (file "errors_20170730.log")
L 07/30/2017 - 20:08:31: [ttt\ttt_sql.smx] (SQL_Start) Error: Configuration "ttt" not found
L 07/30/2017 - 20:08:31: [ttt\ttt_sql.smx] (SQL_Start) Database failure: Couldn't connect to "ttt"!
L 07/30/2017 - 20:09:24: Error log file session closed.
L 07/30/2017 - 20:09:29: SourceMod error session started
L 07/30/2017 - 20:09:29: Info (map "de_dust2") (file "errors_20170730.log")
L 07/30/2017 - 20:09:29: [ttt\ttt_sql.smx] (SQL_Start) Error: Configuration "ttt" not found
L 07/30/2017 - 20:09:29: [ttt\ttt_sql.smx] (SQL_Start) Database failure: Couldn't connect to "ttt"!
L 07/30/2017 - 20:09:34: [ttt\ttt_sql.smx] (SQL_Start) Error: Configuration "ttt" not found
L 07/30/2017 - 20:09:34: [ttt\ttt_sql.smx] (SQL_Start) Database failure: Couldn't connect to "ttt"!
L 07/30/2017 - 20:23:12: SourceMod error session started
L 07/30/2017 - 20:23:12: Info (map "de_dust2") (file "errors_20170730.log")
L 07/30/2017 - 20:23:12: [ttt\ttt_sql.smx] (SQL_Start) Error: Configuration "ttt" not found
L 07/30/2017 - 20:23:12: [ttt\ttt_sql.smx] (SQL_Start) Database failure: Couldn't connect to "ttt"!
L 07/30/2017 - 20:23:20: Error log file session closed.
L 07/30/2017 - 20:23:25: SourceMod error session started
L 07/30/2017 - 20:23:25: Info (map "de_dust2") (file "errors_20170730.log")
L 07/30/2017 - 20:23:25: [ttt\ttt_sql.smx] (SQL_Start) Error: Configuration "ttt" not found
L 07/30/2017 - 20:23:25: [ttt\ttt_sql.smx] (SQL_Start) Database failure: Couldn't connect to "ttt"!
L 07/30/2017 - 20:23:30: [ttt\ttt_sql.smx] (SQL_Start) Error: Configuration "ttt" not found
L 07/30/2017 - 20:23:30: [ttt\ttt_sql.smx] (SQL_Start) Database failure: Couldn't connect to "ttt"!
L 07/30/2017 - 20:24:46: SourceMod error session started
L 07/30/2017 - 20:24:46: Info (map "de_dust2") (file "errors_20170730.log")
L 07/30/2017 - 20:24:46: [ttt\ttt_sql.smx] (SQL_Start) Error: Configuration "ttt" not found
L 07/30/2017 - 20:24:46: [ttt\ttt_sql.smx] (SQL_Start) Database failure: Couldn't connect to "ttt"!
L 07/30/2017 - 20:24:51: Error log file session closed.
L 07/30/2017 - 20:24:57: SourceMod error session started
L 07/30/2017 - 20:24:57: Info (map "de_dust2") (file "errors_20170730.log")
L 07/30/2017 - 20:24:57: [ttt\ttt_sql.smx] (SQL_Start) Error: Configuration "ttt" not found
L 07/30/2017 - 20:24:57: [ttt\ttt_sql.smx] (SQL_Start) Database failure: Couldn't connect to "ttt"!
L 07/30/2017 - 20:25:02: [ttt\ttt_sql.smx] (SQL_Start) Error: Configuration "ttt" not found
L 07/30/2017 - 20:25:02: [ttt\ttt_sql.smx] (SQL_Start) Database failure: Couldn't connect to "ttt"!
