L 07/31/2017 - 00:02:09: --------------------------------------
L 07/31/2017 - 00:02:09: -----------START ROUND LOGS-----------
L 07/31/2017 - 00:02:09: [00:06] -> [Ebichu (Detective) damaged Henry (Traitor) for 131 damage with m4a1]
L 07/31/2017 - 00:02:09: [00:06] -> [Ebichu (Detective) killed Henry (Traitor) with m4a1_silencer]
L 07/31/2017 - 00:02:09: [00:07] -> [Ebichu (Detective) damaged Andy (Traitor) for 131 damage with m4a1]
L 07/31/2017 - 00:02:09: [00:07] -> [Ebichu (Detective) killed Andy (Traitor) with m4a1_silencer]
L 07/31/2017 - 00:02:09: --------------------------------------
L 07/31/2017 - 00:03:12: --------------------------------------
L 07/31/2017 - 00:03:12: -----------START ROUND LOGS-----------
L 07/31/2017 - 00:03:12: [00:15] -> [Ebichu (Traitor) damaged Nick (Detective) for 180 damage with knife]
L 07/31/2017 - 00:03:12: [00:15] -> [Ebichu (Traitor) killed Nick (Detective) with knife_default_t]
L 07/31/2017 - 00:03:12: -> [Henry (Innocent) was tased by Ebichu]
L 07/31/2017 - 00:03:12: [00:51] -> [Ebichu (Traitor) damaged Ebichu (Traitor) for 999 damage with env_explosion] - BAD ACTION
L 07/31/2017 - 00:03:12: --------------------------------------
L 07/31/2017 - 00:03:31: --------------------------------------
L 07/31/2017 - 00:03:31: -----------START ROUND LOGS-----------
L 07/31/2017 - 00:03:31: [00:02] -> [Ebichu (Innocent) damaged Norm (Traitor) for 180 damage with knife]
L 07/31/2017 - 00:03:31: [00:02] -> [Ebichu (Innocent) killed Norm (Traitor) with knife_default_t]
L 07/31/2017 - 00:03:31: [00:05] -> [Ebichu (Innocent) damaged Andy (Traitor) for 180 damage with knife]
L 07/31/2017 - 00:03:31: [00:05] -> [Ebichu (Innocent) killed Andy (Traitor) with knife_default_t]
L 07/31/2017 - 00:03:31: --------------------------------------
L 07/31/2017 - 00:04:03: --------------------------------------
L 07/31/2017 - 00:04:03: -----------START ROUND LOGS-----------
L 07/31/2017 - 00:04:03: [00:05] -> [Ebichu (Innocent) damaged Andy (Traitor) for 180 damage with knife]
L 07/31/2017 - 00:04:03: [00:05] -> [Ebichu (Innocent) killed Andy (Traitor) with knife_default_t]
L 07/31/2017 - 00:04:03: [00:18] -> [Ebichu (Innocent) damaged Mark (Traitor) for 180 damage with knife]
L 07/31/2017 - 00:04:03: [00:18] -> [Ebichu (Innocent) killed Mark (Traitor) with knife_default_t]
L 07/31/2017 - 00:04:03: --------------------------------------
L 07/31/2017 - 00:05:31: --------------------------------------
L 07/31/2017 - 00:05:31: -----------START ROUND LOGS-----------
L 07/31/2017 - 00:05:31: [00:18] -> [Ebichu (Detective) damaged Norm (Innocent) for 131 damage with m4a1] - BAD ACTION
L 07/31/2017 - 00:05:31: [00:18] -> [Ebichu (Detective) killed Norm (Innocent) with m4a1_silencer] - BAD ACTION
L 07/31/2017 - 00:05:31: [00:49] -> [Ebichu (Detective) damaged Andy (Traitor) for 34 damage with glock]
L 07/31/2017 - 00:05:31: [00:50] -> [Ebichu (Detective) damaged Andy (Traitor) for 34 damage with glock]
L 07/31/2017 - 00:05:31: [00:50] -> [Ebichu (Detective) damaged Andy (Traitor) for 34 damage with glock]
L 07/31/2017 - 00:05:31: [00:50] -> [Ebichu (Detective) killed Andy (Traitor) with glock]
L 07/31/2017 - 00:05:31: -> [Bill (Traitor) was tased by Ebichu] - TRAITOR DETECTED
L 07/31/2017 - 00:05:31: [01:14] -> [Ebichu (Detective) damaged Bill (Traitor) for 131 damage with m4a1]
L 07/31/2017 - 00:05:31: [01:14] -> [Ebichu (Detective) killed Bill (Traitor) with m4a1_silencer]
L 07/31/2017 - 00:05:31: --------------------------------------
L 07/31/2017 - 00:06:26: --------------------------------------
L 07/31/2017 - 00:06:26: -----------START ROUND LOGS-----------
L 07/31/2017 - 00:06:26: [00:34] -> [Ebichu (Traitor) damaged Colin (Innocent) for 180 damage with knife]
L 07/31/2017 - 00:06:26: [00:34] -> [Ebichu (Traitor) killed Colin (Innocent) with knife_default_t]
L 07/31/2017 - 00:06:26: [00:34] -> [Ebichu (Traitor) damaged Henry (Innocent) for 180 damage with knife]
L 07/31/2017 - 00:06:26: [00:34] -> [Ebichu (Traitor) killed Henry (Innocent) with knife_default_t]
L 07/31/2017 - 00:06:26: [00:35] -> [Ebichu (Traitor) damaged Irving (Innocent) for 180 damage with knife]
L 07/31/2017 - 00:06:26: [00:35] -> [Ebichu (Traitor) killed Irving (Innocent) with knife_default_t]
L 07/31/2017 - 00:06:26: [00:36] -> [Ebichu (Traitor) damaged Nate (Detective) for 180 damage with knife]
L 07/31/2017 - 00:06:26: [00:36] -> [Ebichu (Traitor) killed Nate (Detective) with knife_default_t]
L 07/31/2017 - 00:06:26: [00:38] -> [Ebichu (Traitor) damaged Bill (Innocent) for 180 damage with knife]
L 07/31/2017 - 00:06:26: [00:38] -> [Ebichu (Traitor) killed Bill (Innocent) with knife_default_t]
L 07/31/2017 - 00:06:26: [00:41] -> [Ebichu (Traitor) damaged Nick (Innocent) for 180 damage with knife]
L 07/31/2017 - 00:06:26: [00:41] -> [Ebichu (Traitor) killed Nick (Innocent) with knife_default_t]
L 07/31/2017 - 00:06:26: [00:41] -> [Ebichu (Traitor) damaged Andy (Innocent) for 180 damage with knife]
L 07/31/2017 - 00:06:26: [00:41] -> [Ebichu (Traitor) killed Andy (Innocent) with knife_default_t]
L 07/31/2017 - 00:06:26: --------------------------------------
L 07/31/2017 - 00:08:09: --------------------------------------
L 07/31/2017 - 00:08:09: -----------START ROUND LOGS-----------
L 07/31/2017 - 00:08:09: [01:15] -> [Ebichu (Traitor) damaged Nick (Innocent) for 85 damage with deagle]
L 07/31/2017 - 00:08:09: [01:15] -> [Ebichu (Traitor) damaged Nick (Innocent) for 85 damage with deagle]
L 07/31/2017 - 00:08:09: [01:15] -> [Ebichu (Traitor) killed Nick (Innocent) with revolver]
L 07/31/2017 - 00:08:09: --------------------------------------
L 07/31/2017 - 00:18:47: --------------------------------------
L 07/31/2017 - 00:18:47: -----------START ROUND LOGS-----------
L 07/31/2017 - 00:18:47: -> [Jenssen (Innocent) was tased by Ebichu]
L 07/31/2017 - 00:18:47: --------------------------------------
