L 07/30/2017 - 18:43:02: --------------------------------------
L 07/30/2017 - 18:43:02: -----------START ROUND LOGS-----------
L 07/30/2017 - 18:43:02: [00:13] -> [Ebichu (Innocent) damaged Jerry (Innocent) for 65 damage with knife] - BAD ACTION
L 07/30/2017 - 18:43:02: [00:13] -> [Ebichu (Innocent) damaged Jerry (Innocent) for 65 damage with knife] - BAD ACTION
L 07/30/2017 - 18:43:02: [00:13] -> [Ebichu (Innocent) killed Jerry (Innocent) with knife_default_t] - BAD ACTION
L 07/30/2017 - 18:43:02: [00:15] -> [Ebichu (Innocent) damaged Irving (Innocent) for 65 damage with knife] - BAD ACTION
L 07/30/2017 - 18:43:02: --------------------------------------
L 07/30/2017 - 18:44:04: --------------------------------------
L 07/30/2017 - 18:44:04: -----------START ROUND LOGS-----------
L 07/30/2017 - 18:44:04: [00:03] -> [Ebichu (Traitor) damaged Dean (Detective) for 180 damage with knife]
L 07/30/2017 - 18:44:04: [00:03] -> [Ebichu (Traitor) killed Dean (Detective) with knife_default_t]
L 07/30/2017 - 18:44:04: --------------------------------------
L 07/30/2017 - 18:48:14: --------------------------------------
L 07/30/2017 - 18:48:14: -----------START ROUND LOGS-----------
L 07/30/2017 - 18:48:14: [00:03] -> [Ebichu (Detective) damaged Ian (Innocent) for 32 damage with m4a1] - BAD ACTION
L 07/30/2017 - 18:48:14: [00:03] -> [Ebichu (Detective) damaged Ethan (Innocent) for 25 damage with m4a1] - BAD ACTION
L 07/30/2017 - 18:48:14: [00:03] -> [Ebichu (Detective) damaged Ian (Innocent) for 32 damage with m4a1] - BAD ACTION
L 07/30/2017 - 18:48:14: [00:03] -> [Ebichu (Detective) damaged Ethan (Innocent) for 20 damage with m4a1] - BAD ACTION
L 07/30/2017 - 18:48:14: [00:03] -> [Ebichu (Detective) damaged Ian (Innocent) for 32 damage with m4a1] - BAD ACTION
L 07/30/2017 - 18:48:14: [00:03] -> [Ebichu (Detective) damaged Ethan (Innocent) for 20 damage with m4a1] - BAD ACTION
L 07/30/2017 - 18:48:14: [00:03] -> [Ebichu (Detective) damaged Ian (Innocent) for 32 damage with m4a1] - BAD ACTION
L 07/30/2017 - 18:48:14: [00:03] -> [Ebichu (Detective) killed Ian (Innocent) with m4a1_silencer] - BAD ACTION
L 07/30/2017 - 18:48:14: [00:03] -> [Ebichu (Detective) damaged Ethan (Innocent) for 20 damage with m4a1] - BAD ACTION
L 07/30/2017 - 18:48:14: [00:03] -> [Ebichu (Detective) damaged Ethan (Innocent) for 32 damage with m4a1] - BAD ACTION
L 07/30/2017 - 18:48:14: [00:03] -> [Ebichu (Detective) killed Ethan (Innocent) with m4a1_silencer] - BAD ACTION
L 07/30/2017 - 18:48:14: [00:04] -> [Ebichu (Detective) damaged Jon (Innocent) for 24 damage with m4a1] - BAD ACTION
L 07/30/2017 - 18:48:14: [00:04] -> [Ebichu (Detective) damaged Jon (Innocent) for 24 damage with m4a1] - BAD ACTION
L 07/30/2017 - 18:48:14: [00:04] -> [Ebichu (Detective) damaged Jon (Innocent) for 24 damage with m4a1] - BAD ACTION
L 07/30/2017 - 18:48:14: [00:04] -> [Ebichu (Detective) damaged Jon (Innocent) for 24 damage with m4a1] - BAD ACTION
L 07/30/2017 - 18:48:14: [00:05] -> [Ebichu (Detective) damaged Matt (Innocent) for 131 damage with m4a1] - BAD ACTION
L 07/30/2017 - 18:48:14: [00:05] -> [Ebichu (Detective) killed Matt (Innocent) with m4a1_silencer] - BAD ACTION
L 07/30/2017 - 18:48:14: [00:06] -> [Ebichu (Detective) damaged Jon (Innocent) for 131 damage with m4a1] - BAD ACTION
L 07/30/2017 - 18:48:14: [00:06] -> [Ebichu (Detective) killed Jon (Innocent) with m4a1_silencer] - BAD ACTION
L 07/30/2017 - 18:48:14: [00:07] -> [Ebichu (Detective) damaged Dennis (Traitor) for 131 damage with m4a1]
L 07/30/2017 - 18:48:14: [00:07] -> [Ebichu (Detective) killed Dennis (Traitor) with m4a1_silencer]
L 07/30/2017 - 18:48:14: --------------------------------------
L 07/30/2017 - 19:43:09: --------------------------------------
L 07/30/2017 - 19:43:09: -----------START ROUND LOGS-----------
L 07/30/2017 - 19:43:09: -> [Jerry (Innocent) was tased by Ebichu]
L 07/30/2017 - 19:43:09: [00:33] -> [Ebichu (Traitor) damaged Jerry (Innocent) for 110 damage with glock]
L 07/30/2017 - 19:43:09: [00:33] -> [Ebichu (Traitor) killed Jerry (Innocent) with glock]
L 07/30/2017 - 19:43:09: [00:34] -> [Ebichu (Traitor) damaged Chris (Innocent) for 110 damage with glock]
L 07/30/2017 - 19:43:09: [00:34] -> [Ebichu (Traitor) killed Chris (Innocent) with glock]
L 07/30/2017 - 19:43:09: [00:36] -> [Ebichu (Traitor) damaged Martin (Innocent) for 109 damage with glock]
L 07/30/2017 - 19:43:09: [00:36] -> [Ebichu (Traitor) killed Martin (Innocent) with glock]
L 07/30/2017 - 19:43:09: [00:37] -> [Ebichu (Traitor) damaged Grant (Innocent) for 111 damage with glock]
L 07/30/2017 - 19:43:09: [00:37] -> [Ebichu (Traitor) killed Grant (Innocent) with glock]
L 07/30/2017 - 19:43:09: [00:38] -> [Ebichu (Traitor) damaged Keith (Innocent) for 110 damage with glock]
L 07/30/2017 - 19:43:09: [00:38] -> [Ebichu (Traitor) killed Keith (Innocent) with glock]
L 07/30/2017 - 19:43:09: [00:42] -> [Ebichu (Traitor) damaged Irving (Innocent) for 103 damage with glock]
L 07/30/2017 - 19:43:09: [00:42] -> [Ebichu (Traitor) killed Irving (Innocent) with glock]
L 07/30/2017 - 19:43:09: [00:46] -> [Ebichu (Traitor) damaged Colin (Detective) for 109 damage with glock]
L 07/30/2017 - 19:43:09: [00:46] -> [Ebichu (Traitor) killed Colin (Detective) with glock]
L 07/30/2017 - 19:43:09: [00:48] -> [Ebichu (Traitor) damaged Wyatt (Innocent) for 108 damage with glock]
L 07/30/2017 - 19:43:09: [00:48] -> [Ebichu (Traitor) killed Wyatt (Innocent) with glock]
L 07/30/2017 - 19:43:09: --------------------------------------
L 07/30/2017 - 19:44:19: --------------------------------------
L 07/30/2017 - 19:44:19: -----------START ROUND LOGS-----------
L 07/30/2017 - 19:44:19: [00:19] -> [Ebichu (Traitor) damaged Chris (Traitor) for 110 damage with glock] - BAD ACTION
L 07/30/2017 - 19:44:19: [00:19] -> [Ebichu (Traitor) killed Chris (Traitor) with glock] - BAD ACTION
L 07/30/2017 - 19:44:19: --------------------------------------
L 07/30/2017 - 19:46:12: --------------------------------------
L 07/30/2017 - 19:46:12: -----------START ROUND LOGS-----------
L 07/30/2017 - 19:46:12: [00:53] -> [Ebichu (Innocent) damaged Orin (Traitor) for 40 damage with knife]
L 07/30/2017 - 19:46:12: --------------------------------------
L 07/30/2017 - 20:19:49: --------------------------------------
L 07/30/2017 - 20:19:49: -----------START ROUND LOGS-----------
L 07/30/2017 - 20:19:49: [00:28] -> [Ebichu (Traitor) damaged Paul (Traitor) for 180 damage with knife] - BAD ACTION
L 07/30/2017 - 20:19:49: [00:28] -> [Ebichu (Traitor) killed Paul (Traitor) with knife_default_t] - BAD ACTION
L 07/30/2017 - 20:19:49: --------------------------------------
L 07/30/2017 - 20:20:51: --------------------------------------
L 07/30/2017 - 20:20:51: -----------START ROUND LOGS-----------
L 07/30/2017 - 20:20:51: [00:09] -> [Ebichu (Innocent) damaged Steve (Traitor) for 40 damage with knife]
L 07/30/2017 - 20:20:51: [00:09] -> [Ebichu (Innocent) damaged Steve (Traitor) for 25 damage with knife]
L 07/30/2017 - 20:20:51: [00:31] -> [Ebichu (Innocent) damaged Perry (Innocent) for 27 damage with glock] - BAD ACTION
L 07/30/2017 - 20:20:51: [00:31] -> [Ebichu (Innocent) damaged Steve (Traitor) for 12 damage with glock]
L 07/30/2017 - 20:20:51: [00:39] -> [Ebichu (Innocent) damaged Perry (Innocent) for 34 damage with glock] - BAD ACTION
L 07/30/2017 - 20:20:51: [00:39] -> [Ebichu (Innocent) damaged Perry (Innocent) for 34 damage with glock] - BAD ACTION
L 07/30/2017 - 20:20:51: --------------------------------------
L 07/30/2017 - 20:38:23: --------------------------------------
L 07/30/2017 - 20:38:23: -----------START ROUND LOGS-----------
L 07/30/2017 - 20:38:23: [00:38] -> [Ebichu (Traitor) damaged Andy (Innocent) for 109 damage with glock]
L 07/30/2017 - 20:38:23: [00:38] -> [Ebichu (Traitor) killed Andy (Innocent) with glock]
L 07/30/2017 - 20:38:23: [00:41] -> [Ebichu (Traitor) damaged Ethan (Innocent) for 108 damage with glock]
L 07/30/2017 - 20:38:23: [00:41] -> [Ebichu (Traitor) killed Ethan (Innocent) with glock]
L 07/30/2017 - 20:38:23: [00:42] -> [Ebichu (Traitor) damaged Martin (Detective) for 111 damage with glock]
L 07/30/2017 - 20:38:23: [00:42] -> [Ebichu (Traitor) killed Martin (Detective) with glock]
L 07/30/2017 - 20:38:23: [00:44] -> [Ebichu (Traitor) damaged Norm (Innocent) for 131 damage with m4a1]
L 07/30/2017 - 20:38:23: [00:44] -> [Ebichu (Traitor) killed Norm (Innocent) with m4a1_silencer]
L 07/30/2017 - 20:38:23: [00:45] -> [Ebichu (Traitor) damaged Jenssen (Innocent) for 131 damage with m4a1]
L 07/30/2017 - 20:38:23: [00:45] -> [Ebichu (Traitor) killed Jenssen (Innocent) with m4a1_silencer]
L 07/30/2017 - 20:38:23: [00:46] -> [Ebichu (Traitor) damaged Brandon (Innocent) for 131 damage with m4a1]
L 07/30/2017 - 20:38:23: [00:46] -> [Ebichu (Traitor) killed Brandon (Innocent) with m4a1_silencer]
L 07/30/2017 - 20:38:23: [00:49] -> [Ebichu (Traitor) damaged Scott (Innocent) for 32 damage with m4a1]
L 07/30/2017 - 20:38:23: [00:50] -> [Ebichu (Traitor) damaged Scott (Innocent) for 41 damage with m4a1]
L 07/30/2017 - 20:38:23: [00:51] -> [Ebichu (Traitor) damaged Scott (Innocent) for 32 damage with m4a1]
L 07/30/2017 - 20:38:23: [00:51] -> [Ebichu (Traitor) killed Scott (Innocent) with m4a1_silencer]
L 07/30/2017 - 20:38:23: [00:51] -> [Ebichu (Traitor) damaged Colin (Innocent) for 32 damage with m4a1]
L 07/30/2017 - 20:38:23: [00:52] -> [Ebichu (Traitor) damaged Colin (Innocent) for 32 damage with m4a1]
L 07/30/2017 - 20:38:23: [00:52] -> [Ebichu (Traitor) damaged Colin (Innocent) for 32 damage with m4a1]
L 07/30/2017 - 20:38:23: [00:52] -> [Ebichu (Traitor) damaged Colin (Innocent) for 32 damage with m4a1]
L 07/30/2017 - 20:38:23: [00:52] -> [Ebichu (Traitor) killed Colin (Innocent) with m4a1_silencer]
L 07/30/2017 - 20:38:23: --------------------------------------
L 07/30/2017 - 22:51:40: --------------------------------------
L 07/30/2017 - 22:51:40: -----------START ROUND LOGS-----------
L 07/30/2017 - 22:51:40: [00:40] -> [Ebichu (Innocent) damaged Ron (Innocent) for 180 damage with knife] - BAD ACTION
L 07/30/2017 - 22:51:40: [00:40] -> [Ebichu (Innocent) killed Ron (Innocent) with knife_default_t] - BAD ACTION
L 07/30/2017 - 22:51:40: [00:42] -> [Ebichu (Innocent) damaged Alfred (Traitor) for 180 damage with knife]
L 07/30/2017 - 22:51:40: [00:42] -> [Ebichu (Innocent) killed Alfred (Traitor) with knife_default_t]
L 07/30/2017 - 22:51:40: [00:45] -> [Ebichu (Innocent) damaged Tom (Traitor) for 180 damage with knife]
L 07/30/2017 - 22:51:40: [00:45] -> [Ebichu (Innocent) killed Tom (Traitor) with knife_default_t]
L 07/30/2017 - 22:51:40: --------------------------------------
L 07/30/2017 - 22:51:51: --------------------------------------
L 07/30/2017 - 22:51:51: -----------START ROUND LOGS-----------
L 07/30/2017 - 22:51:51: [00:02] -> [Ebichu (Innocent) damaged Andy (Traitor) for 180 damage with knife]
L 07/30/2017 - 22:51:51: [00:02] -> [Ebichu (Innocent) killed Andy (Traitor) with knife_default_t]
L 07/30/2017 - 22:51:51: [00:03] -> [Ebichu (Innocent) damaged Colin (Traitor) for 180 damage with knife]
L 07/30/2017 - 22:51:51: [00:03] -> [Ebichu (Innocent) killed Colin (Traitor) with knife_default_t]
L 07/30/2017 - 22:51:51: --------------------------------------
L 07/30/2017 - 22:52:03: --------------------------------------
L 07/30/2017 - 22:52:03: -----------START ROUND LOGS-----------
L 07/30/2017 - 22:52:03: [00:03] -> [Ebichu (Innocent) damaged Jenssen (Traitor) for 180 damage with knife]
L 07/30/2017 - 22:52:03: [00:03] -> [Ebichu (Innocent) killed Jenssen (Traitor) with knife_default_t]
L 07/30/2017 - 22:52:03: [00:04] -> [Ebichu (Innocent) damaged Tom (Traitor) for 180 damage with knife]
L 07/30/2017 - 22:52:03: [00:04] -> [Ebichu (Innocent) killed Tom (Traitor) with knife_default_t]
L 07/30/2017 - 22:52:03: --------------------------------------
L 07/30/2017 - 22:56:10: --------------------------------------
L 07/30/2017 - 22:56:10: -----------START ROUND LOGS-----------
L 07/30/2017 - 22:56:10: [00:32] -> [Ebichu (Innocent) damaged Wyatt (Traitor) for 101 damage with glock]
L 07/30/2017 - 22:56:10: [00:32] -> [Ebichu (Innocent) killed Wyatt (Traitor) with glock]
L 07/30/2017 - 22:56:10: [00:36] -> [Ebichu (Innocent) damaged Ron (Traitor) for 25 damage with glock]
L 07/30/2017 - 22:56:10: [00:36] -> [Ebichu (Innocent) damaged Ron (Traitor) for 25 damage with glock]
L 07/30/2017 - 22:56:10: [00:36] -> [Ebichu (Innocent) damaged Ron (Traitor) for 25 damage with glock]
L 07/30/2017 - 22:56:10: [00:36] -> [Ebichu (Innocent) damaged Ron (Traitor) for 102 damage with glock]
L 07/30/2017 - 22:56:10: [00:36] -> [Ebichu (Innocent) killed Ron (Traitor) with glock]
L 07/30/2017 - 22:56:10: --------------------------------------
L 07/30/2017 - 22:56:46: --------------------------------------
L 07/30/2017 - 22:56:46: -----------START ROUND LOGS-----------
L 07/30/2017 - 22:56:46: [00:16] -> [Ebichu (Innocent) damaged Brandon (Traitor) for 180 damage with knife]
L 07/30/2017 - 22:56:46: [00:16] -> [Ebichu (Innocent) killed Brandon (Traitor) with knife_default_t]
L 07/30/2017 - 22:56:46: [00:27] -> [Ebichu (Innocent) damaged Jason (Traitor) for 180 damage with knife]
L 07/30/2017 - 22:56:46: [00:27] -> [Ebichu (Innocent) killed Jason (Traitor) with knife_default_t]
L 07/30/2017 - 22:56:46: --------------------------------------
L 07/30/2017 - 22:57:30: --------------------------------------
L 07/30/2017 - 22:57:30: -----------START ROUND LOGS-----------
L 07/30/2017 - 22:57:30: [00:04] -> [Ebichu (Innocent) damaged Ron (Traitor) for 180 damage with knife]
L 07/30/2017 - 22:57:30: [00:04] -> [Ebichu (Innocent) killed Ron (Traitor) with knife_default_t]
L 07/30/2017 - 22:57:30: --------------------------------------
L 07/30/2017 - 22:59:42: --------------------------------------
L 07/30/2017 - 22:59:42: -----------START ROUND LOGS-----------
L 07/30/2017 - 22:59:42: [00:07] -> [Ebichu (Traitor) damaged Mark (Innocent) for 180 damage with knife]
L 07/30/2017 - 22:59:42: [00:07] -> [Ebichu (Traitor) killed Mark (Innocent) with knife_default_t]
L 07/30/2017 - 22:59:42: [00:08] -> [Ebichu (Traitor) damaged Jon (Innocent) for 180 damage with knife]
L 07/30/2017 - 22:59:42: [00:08] -> [Ebichu (Traitor) killed Jon (Innocent) with knife_default_t]
L 07/30/2017 - 22:59:42: [00:09] -> [Ebichu (Traitor) damaged Bill (Detective) for 180 damage with knife]
L 07/30/2017 - 22:59:42: [00:09] -> [Ebichu (Traitor) killed Bill (Detective) with knife_default_t]
L 07/30/2017 - 22:59:42: [01:01] -> [Ebichu (Traitor) damaged Wyatt (Innocent) for 40 damage with knife]
L 07/30/2017 - 22:59:42: [01:01] -> [Ebichu (Traitor) killed Wyatt (Innocent) with knife_default_t]
L 07/30/2017 - 22:59:42: [01:02] -> [Ebichu (Traitor) damaged Brandon (Innocent) for 40 damage with knife]
L 07/30/2017 - 22:59:42: [01:53] -> [Ebichu (Traitor) damaged Ebichu (Traitor) for 429 damage with env_explosion] - BAD ACTION
L 07/30/2017 - 22:59:42: --------------------------------------
L 07/30/2017 - 23:35:42: --------------------------------------
L 07/30/2017 - 23:35:42: -----------START ROUND LOGS-----------
L 07/30/2017 - 23:35:42: [00:37] -> [Ebichu (Traitor) damaged Tim (Innocent) for 65 damage with knife]
L 07/30/2017 - 23:35:42: [00:38] -> [Ebichu (Traitor) damaged Ethan (Innocent) for 180 damage with knife]
L 07/30/2017 - 23:35:42: [00:38] -> [Ebichu (Traitor) killed Ethan (Innocent) with knife_default_t]
L 07/30/2017 - 23:35:42: [00:39] -> [Ebichu (Traitor) damaged Tim (Innocent) for 180 damage with knife]
L 07/30/2017 - 23:35:43: [00:39] -> [Ebichu (Traitor) killed Tim (Innocent) with knife_default_t]
L 07/30/2017 - 23:35:43: [00:40] -> [Ebichu (Traitor) damaged Chris (Detective) for 180 damage with knife]
L 07/30/2017 - 23:35:43: [00:40] -> [Ebichu (Traitor) killed Chris (Detective) with knife_default_t]
L 07/30/2017 - 23:35:43: [00:42] -> [Ebichu (Traitor) damaged Ian (Innocent) for 131 damage with m4a1]
L 07/30/2017 - 23:35:43: [00:42] -> [Ebichu (Traitor) killed Ian (Innocent) with m4a1_silencer]
L 07/30/2017 - 23:35:43: [00:43] -> [Ebichu (Traitor) damaged Yahn (Innocent) for 131 damage with m4a1]
L 07/30/2017 - 23:35:43: [00:43] -> [Ebichu (Traitor) killed Yahn (Innocent) with m4a1_silencer]
L 07/30/2017 - 23:35:43: [00:45] -> [Ebichu (Traitor) damaged Josh (Innocent) for 131 damage with m4a1]
L 07/30/2017 - 23:35:43: [00:45] -> [Ebichu (Traitor) killed Josh (Innocent) with m4a1_silencer]
L 07/30/2017 - 23:35:43: [00:49] -> [Ebichu (Traitor) damaged Bill (Innocent) for 180 damage with knife]
L 07/30/2017 - 23:35:43: [00:49] -> [Ebichu (Traitor) killed Bill (Innocent) with knife_default_t]
L 07/30/2017 - 23:35:43: [00:52] -> [Ebichu (Traitor) damaged Henry (Innocent) for 180 damage with knife]
L 07/30/2017 - 23:35:43: [00:52] -> [Ebichu (Traitor) killed Henry (Innocent) with knife_default_t]
L 07/30/2017 - 23:35:43: --------------------------------------
L 07/30/2017 - 23:40:50: --------------------------------------
L 07/30/2017 - 23:40:50: -----------START ROUND LOGS-----------
L 07/30/2017 - 23:40:50: [01:15] -> [Ebichu (Traitor) damaged Ethan (Detective) for 65 damage with knife]
L 07/30/2017 - 23:40:50: [01:16] -> [Ebichu (Traitor) damaged Ethan (Detective) for 180 damage with knife]
L 07/30/2017 - 23:40:50: [01:16] -> [Ebichu (Traitor) killed Ethan (Detective) with knife_default_t]
L 07/30/2017 - 23:40:50: -> [Tim (Innocent) was tased by Ebichu]
L 07/30/2017 - 23:40:50: --------------------------------------
L 07/30/2017 - 23:46:52: --------------------------------------
L 07/30/2017 - 23:46:52: -----------START ROUND LOGS-----------
L 07/30/2017 - 23:46:52: -> [Josh (Innocent) was tased by Ebichu]
L 07/30/2017 - 23:46:52: --------------------------------------
L 07/30/2017 - 23:51:04: --------------------------------------
L 07/30/2017 - 23:51:04: -----------START ROUND LOGS-----------
L 07/30/2017 - 23:51:04: -> [Harold (Innocent) was tased by Ebichu]
L 07/30/2017 - 23:51:04: [00:28] -> [Ebichu (Detective) damaged Harold (Innocent) for 40 damage with knife] - BAD ACTION
L 07/30/2017 - 23:51:04: [00:28] -> [Ebichu (Detective) damaged Harold (Innocent) for 25 damage with knife] - BAD ACTION
L 07/30/2017 - 23:51:04: [00:29] -> [Ebichu (Detective) damaged Harold (Innocent) for 40 damage with knife] - BAD ACTION
L 07/30/2017 - 23:51:04: [00:29] -> [Ebichu (Detective) killed Harold (Innocent) with knife_default_ct] - BAD ACTION
L 07/30/2017 - 23:51:04: --------------------------------------
L 07/30/2017 - 23:52:06: --------------------------------------
L 07/30/2017 - 23:52:06: -----------START ROUND LOGS-----------
L 07/30/2017 - 23:52:06: -> [Greg (Traitor) was tased by Ebichu] - TRAITOR DETECTED
L 07/30/2017 - 23:52:06: --------------------------------------
L 07/30/2017 - 23:54:46: --------------------------------------
L 07/30/2017 - 23:54:46: -----------START ROUND LOGS-----------
L 07/30/2017 - 23:54:46: -> [Brandon (Innocent) was tased by Ebichu]
L 07/30/2017 - 23:54:46: --------------------------------------
